2024-12-25 01:52:00,368 - INFO - backTestingTool - ----------DigiHetu backTestingTool-----------
2024-12-25 01:52:00,833 - INFO - backTestingTool - Started
2024-12-25 01:52:19,282 - INFO - backTestingTool - ----------DigiHetu backTestingTool-----------
2024-12-25 01:52:19,284 - INFO - backTestingTool - Started
2024-12-25 15:08:50,703 - INFO - volumeChecker - ----------volumeChecker-----------
2024-12-25 15:08:50,703 - INFO - volumeChecker - Started
2024-12-25 15:11:05,550 - INFO - volumeChecker - ----------volumeChecker-----------
2024-12-25 15:11:05,550 - INFO - volumeChecker - Started
2024-12-25 15:12:39,032 - INFO - volumeChecker - ----------volumeChecker-----------
2024-12-25 15:12:39,032 - INFO - volumeChecker - Started
2024-12-25 15:13:06,769 - INFO - volumeChecker - ----------volumeChecker-----------
2024-12-25 15:13:06,770 - INFO - volumeChecker - Started
2024-12-25 15:13:57,388 - INFO - volumeChecker - ----------volumeChecker-----------
2024-12-25 15:13:57,388 - INFO - volumeChecker - Started
2024-12-25 15:15:43,625 - INFO - volumeChecker - ----------volumeChecker-----------
2024-12-25 15:15:44,660 - INFO - volumeChecker - Started
2024-12-25 15:20:32,560 - INFO - volumeChecker - ----------volumeChecker-----------
2024-12-25 15:20:32,700 - INFO - volumeChecker - Started
2024-12-25 15:21:29,472 - INFO - volumeChecker - ----------volumeChecker-----------
2024-12-25 15:21:29,472 - INFO - volumeChecker - Started
2024-12-25 15:21:30,171 - CRITICAL - volumeChecker - An error occurred while downloading file: [Errno 2] No such file or directory: 'C:\\PERSONAL\\STOCKS\\VolumeChecker\\pythonProject\\data\\temp\\BhavCopy_NSE_CM_0_0_0_20241224_F_0000.csv.zip'
2024-12-25 15:21:50,718 - INFO - volumeChecker - ----------volumeChecker-----------
2024-12-25 15:21:50,752 - INFO - volumeChecker - Started
2024-12-25 15:24:05,557 - INFO - volumeChecker - ----------volumeChecker-----------
2024-12-25 15:24:05,558 - INFO - volumeChecker - Started
2024-12-25 15:24:06,716 - INFO - volumeChecker - File downloaded and extracted successfully!
2024-12-25 15:24:18,787 - INFO - volumeChecker - ----------volumeChecker-----------
2024-12-25 15:24:18,787 - INFO - volumeChecker - Started
2024-12-25 15:24:19,387 - CRITICAL - volumeChecker - An error occurred while downloading file: [Errno 2] No such file or directory: 'C:\\PERSONAL\\STOCKS\\VolumeChecker\\pythonProject\\data\\temp\\BhavCopy_NSE_CM_0_0_0_20241224_F_0000.csv.zip'
2024-12-25 15:25:59,691 - INFO - volumeChecker - ----------volumeChecker-----------
2024-12-25 15:25:59,694 - INFO - volumeChecker - Started
2024-12-25 15:30:05,159 - INFO - volumeChecker - ----------volumeChecker-----------
2024-12-25 15:30:05,160 - INFO - volumeChecker - Started
2024-12-25 15:30:06,179 - INFO - volumeChecker - File downloaded and extracted successfully!
2024-12-25 15:30:11,553 - INFO - volumeChecker - ----------volumeChecker-----------
2024-12-25 15:30:11,553 - INFO - volumeChecker - Started
2024-12-25 15:30:12,187 - CRITICAL - volumeChecker - An error occurred while downloading file: [Errno 2] No such file or directory: 'C:\\DATA\\temp\\BhavCopy_NSE_CM_0_0_0_20241224_F_0000.csv.zip'
2024-12-25 16:02:02,317 - INFO - volumeChecker - ----------volumeChecker-----------
2024-12-25 16:02:02,319 - INFO - volumeChecker - Started
2024-12-25 16:02:25,524 - CRITICAL - volumeChecker - An error occurred while downloading file: [Errno 2] No such file or directory: 'C:\\DATA\\temp\\BhavCopy_NSE_CM_0_0_0_20241224_F_0000.csv.zip'
2024-12-25 16:05:12,160 - INFO - volumeChecker - ----------volumeChecker-----------
2024-12-25 16:05:12,162 - INFO - volumeChecker - Started
2024-12-25 16:05:24,647 - CRITICAL - volumeChecker - An error occurred while downloading file: [Errno 2] No such file or directory: 'C:\\DATA\\temp\\BhavCopy_NSE_CM_0_0_0_20241224_F_0000.csv.zip'
2024-12-25 16:05:49,646 - INFO - volumeChecker - ----------volumeChecker-----------
2024-12-25 16:05:49,647 - INFO - volumeChecker - Started
2024-12-25 16:06:07,744 - INFO - volumeChecker - File downloaded and extracted successfully!
2024-12-25 16:11:14,849 - INFO - volumeChecker - ----------volumeChecker-----------
2024-12-25 16:11:14,850 - INFO - volumeChecker - Started
2024-12-25 16:13:19,102 - INFO - volumeChecker - ----------volumeChecker-----------
2024-12-25 16:13:19,381 - INFO - volumeChecker - Started
2024-12-25 16:13:43,481 - INFO - volumeChecker - File downloaded and extracted successfully!
2024-12-25 16:16:19,959 - INFO - volumeChecker - ----------volumeChecker-----------
2024-12-25 16:16:19,962 - INFO - volumeChecker - Started
2024-12-25 16:16:26,745 - INFO - volumeChecker - File downloaded and extracted successfully!
2024-12-25 16:17:11,770 - INFO - volumeChecker - ----------volumeChecker-----------
2024-12-25 16:17:11,771 - INFO - volumeChecker - Started
2024-12-25 16:17:17,361 - INFO - volumeChecker - File downloaded and extracted successfully!
2024-12-25 16:23:13,493 - INFO - volumeChecker - ----------volumeChecker-----------
2024-12-25 16:23:13,494 - INFO - volumeChecker - Started
2024-12-25 16:23:20,911 - CRITICAL - volumeChecker - An error occurred while downloading file: [Errno 13] Permission denied: 'C:\\DATA\\BhavCopy_NSE_CM_0_0_0_20241224_F_0000.csv'
2024-12-25 16:23:29,531 - INFO - volumeChecker - ----------volumeChecker-----------
2024-12-25 16:23:29,532 - INFO - volumeChecker - Started
2024-12-25 16:24:02,229 - INFO - volumeChecker - ----------volumeChecker-----------
2024-12-25 16:24:02,230 - INFO - volumeChecker - Started
2024-12-25 16:24:18,346 - INFO - volumeChecker - File downloaded and extracted successfully!
2024-12-25 16:25:08,640 - INFO - volumeChecker - ----------volumeChecker-----------
2024-12-25 16:25:08,641 - INFO - volumeChecker - Started
2024-12-25 16:25:12,377 - INFO - volumeChecker - File downloaded and extracted successfully!
2024-12-25 16:25:37,446 - INFO - volumeChecker - ----------volumeChecker-----------
2024-12-25 16:25:37,446 - INFO - volumeChecker - Started
2024-12-25 16:25:49,801 - INFO - volumeChecker - File downloaded and extracted successfully!
2024-12-25 16:28:04,842 - INFO - volumeChecker - ----------volumeChecker-----------
2024-12-25 16:28:04,844 - INFO - volumeChecker - Started
2024-12-25 16:28:14,808 - INFO - volumeChecker - File downloaded and extracted successfully!
2024-12-25 16:33:54,775 - INFO - volumeChecker - ----------volumeChecker-----------
2024-12-25 16:33:54,776 - INFO - volumeChecker - Started
2024-12-25 16:34:00,166 - INFO - volumeChecker - File downloaded and extracted successfully!
2024-12-25 16:45:12,984 - INFO - volumeChecker - ----------volumeChecker-----------
2024-12-25 16:45:12,986 - INFO - volumeChecker - Started
2024-12-25 16:48:29,421 - INFO - volumeChecker - ----------volumeChecker-----------
2024-12-25 16:48:29,422 - INFO - volumeChecker - Started
2024-12-25 17:43:28,758 - INFO - volumeChecker - ----------volumeChecker-----------
2024-12-25 17:43:29,292 - INFO - volumeChecker - Started
2024-12-25 17:44:26,093 - INFO - volumeChecker - ----------volumeChecker-----------
2024-12-25 17:44:26,616 - INFO - volumeChecker - Started
2024-12-25 17:48:52,722 - INFO - volumeChecker - ----------volumeChecker-----------
2024-12-25 17:48:52,727 - INFO - volumeChecker - Started
2024-12-25 17:49:59,873 - INFO - volumeChecker - Failed to download from new URL. Status code: 404
2024-12-25 17:50:00,349 - INFO - volumeChecker - Updating inactivity period
2024-12-25 17:50:00,349 - INFO - volumeChecker - Updated inactivity period
2024-12-25 17:50:01,929 - CRITICAL - volumeChecker - An error occurred while downloading file: [Errno 2] No such file or directory: ''
2024-12-25 18:57:31,077 - INFO - volumeChecker - ----------volumeChecker-----------
2024-12-25 18:57:31,077 - INFO - volumeChecker - Started
2024-12-25 18:57:31,908 - INFO - volumeChecker - File downloaded and extracted successfully!
2024-12-25 18:57:32,712 - INFO - volumeChecker - File downloaded and extracted successfully!
2024-12-25 18:57:32,959 - INFO - volumeChecker - File downloaded and extracted successfully!
2024-12-25 18:57:33,261 - INFO - volumeChecker - File downloaded and extracted successfully!
2024-12-25 18:57:33,567 - INFO - volumeChecker - File downloaded and extracted successfully!
2024-12-25 18:57:33,824 - INFO - volumeChecker - File downloaded and extracted successfully!
2024-12-25 18:57:34,443 - INFO - volumeChecker - File downloaded and extracted successfully!
2024-12-25 18:57:34,803 - INFO - volumeChecker - File downloaded and extracted successfully!
2024-12-25 18:57:35,246 - INFO - volumeChecker - File downloaded and extracted successfully!
2024-12-25 18:57:35,457 - INFO - volumeChecker - File downloaded and extracted successfully!
2024-12-25 18:57:35,664 - INFO - volumeChecker - File downloaded and extracted successfully!
2024-12-25 18:57:35,892 - INFO - volumeChecker - File downloaded and extracted successfully!
2024-12-25 18:57:36,175 - INFO - volumeChecker - File downloaded and extracted successfully!
2024-12-25 18:57:36,396 - INFO - volumeChecker - File downloaded and extracted successfully!
2024-12-25 18:57:36,650 - INFO - volumeChecker - File downloaded and extracted successfully!
2024-12-25 18:58:17,694 - INFO - volumeChecker - ----------volumeChecker-----------
2024-12-25 18:58:17,696 - INFO - volumeChecker - Started
2024-12-25 18:58:39,939 - INFO - volumeChecker - ----------volumeChecker-----------
2024-12-25 18:58:39,939 - INFO - volumeChecker - Started
2024-12-25 18:58:40,343 - INFO - volumeChecker - File downloaded and extracted successfully!
2024-12-25 18:58:40,993 - INFO - volumeChecker - File downloaded and extracted successfully!
2024-12-25 18:58:41,151 - INFO - volumeChecker - File downloaded and extracted successfully!
2024-12-25 18:58:41,567 - INFO - volumeChecker - File downloaded and extracted successfully!
2024-12-25 18:58:41,749 - INFO - volumeChecker - File downloaded and extracted successfully!
2024-12-25 18:58:41,959 - INFO - volumeChecker - File downloaded and extracted successfully!
2024-12-25 18:58:42,146 - INFO - volumeChecker - File downloaded and extracted successfully!
2024-12-25 18:58:42,382 - INFO - volumeChecker - File downloaded and extracted successfully!
2024-12-25 18:58:42,629 - INFO - volumeChecker - File downloaded and extracted successfully!
2024-12-25 18:58:42,872 - INFO - volumeChecker - File downloaded and extracted successfully!
2024-12-25 18:58:43,063 - INFO - volumeChecker - File downloaded and extracted successfully!
2024-12-25 18:58:43,290 - INFO - volumeChecker - File downloaded and extracted successfully!
2024-12-25 18:58:43,568 - INFO - volumeChecker - File downloaded and extracted successfully!
2024-12-25 18:58:43,789 - INFO - volumeChecker - File downloaded and extracted successfully!
2024-12-25 18:58:43,997 - INFO - volumeChecker - File downloaded and extracted successfully!
2024-12-25 18:58:44,192 - INFO - volumeChecker - File downloaded and extracted successfully!
2024-12-25 18:58:44,601 - INFO - volumeChecker - File downloaded and extracted successfully!
2024-12-25 18:58:44,815 - INFO - volumeChecker - File downloaded and extracted successfully!
2024-12-25 18:58:45,143 - INFO - volumeChecker - File downloaded and extracted successfully!
2024-12-25 18:58:45,387 - INFO - volumeChecker - File downloaded and extracted successfully!
2024-12-25 18:58:45,544 - INFO - volumeChecker - File downloaded and extracted successfully!
2024-12-25 18:58:45,756 - INFO - volumeChecker - File downloaded and extracted successfully!
2024-12-25 18:58:46,092 - INFO - volumeChecker - File downloaded and extracted successfully!
2024-12-25 18:58:46,297 - INFO - volumeChecker - File downloaded and extracted successfully!
2024-12-25 18:58:46,528 - INFO - volumeChecker - File downloaded and extracted successfully!
